20.02.2012 14:25:03   Список валют загружен из файла Y:\Dropbox\worktime\_prj\Учет финансов\v7-2\Currency.idx
20.02.2012 14:25:03      загружено 1 валют
20.02.2012 14:25:03   Загружены валюты :
20.02.2012 14:25:03      0:RUB Рубли РФ
20.02.2012 14:25:03   Список категорий загружен из файла Y:\Dropbox\worktime\_prj\Учет финансов\v7-2\Category.idx
20.02.2012 14:25:03      загружено 69 категорий
20.02.2012 14:25:03   Список персон загружен из файла Y:\Dropbox\worktime\_prj\Учет финансов\v7-2\Persona.idx
20.02.2012 14:25:03      загружено 14 персоны
20.02.2012 14:25:03   Список контрагентов загружен из файла Y:\Dropbox\worktime\_prj\Учет финансов\v7-2\Contractor.idx
20.02.2012 14:25:03      загружено 61 контрагента
20.02.2012 14:25:03   Список событий загружен из файла Y:\Dropbox\worktime\_prj\Учет финансов\v7-2\Event.idx
20.02.2012 14:25:03      загружено 3 события
20.02.2012 14:25:03   Список стандартных товаров из файла Y:\Dropbox\worktime\_prj\Учет финансов\v7-2\StdItems.idx
20.02.2012 14:25:03      загружено 257 товаров
20.02.2012 14:25:03   Список заметок из файла Y:\Dropbox\worktime\_prj\Учет финансов\v7-2\notes.txt
20.02.2012 14:25:03      загружено 0 заметок
20.02.2012 14:25:04   Список коментариев из файла Y:\Dropbox\worktime\_prj\Учет финансов\v7-2\Comment.idx
20.02.2012 14:25:04      загружено 4 коментариев
20.02.2012 14:25:04   Список описаний из файла Y:\Dropbox\worktime\_prj\Учет финансов\v7-2\Descr.idx
20.02.2012 14:25:04      загружено 867 описаний
20.02.2012 14:25:04   Список производителей из файла Y:\Dropbox\worktime\_prj\Учет финансов\v7-2\Descr1.idx
20.02.2012 14:25:04      загружено 204 производителей
20.02.2012 14:25:04   Список описаний серий из файла Y:\Dropbox\worktime\_prj\Учет финансов\v7-2\Descr2.idx
20.02.2012 14:25:04      загружено 489 серий
20.02.2012 14:25:06   Ошибка доступа к файлу валют РБК
20.02.2012 14:26:56   
20.02.2012 14:26:56   ******* Программа запущена ********
20.02.2012 14:26:56   
20.02.2012 14:26:56   Поток лога сформирован
20.02.2012 14:26:56   Директорий программы Y:\Dropbox\worktime\_prj\Учет финансов\v7-2\
20.02.2012 14:26:56   Директорий базы данных Y:\Dropbox\worktime\_prj\Учет финансов\v7-2\
20.02.2012 14:26:58   Список счетов загружен из файла Y:\Dropbox\worktime\_prj\Учет финансов\v7-2\Account.idx
20.02.2012 14:26:58   Загружены счета :
20.02.2012 14:26:58      0:Бумажник
20.02.2012 14:26:58   Список валют загружен из файла Y:\Dropbox\worktime\_prj\Учет финансов\v7-2\Currency.idx
20.02.2012 14:26:58      загружено 1 валют
20.02.2012 14:26:58   Загружены валюты :
20.02.2012 14:26:58      0:RUB Рубли РФ
20.02.2012 14:26:58   Список категорий загружен из файла Y:\Dropbox\worktime\_prj\Учет финансов\v7-2\Category.idx
20.02.2012 14:26:58      загружено 69 категорий
20.02.2012 14:26:58   Список персон загружен из файла Y:\Dropbox\worktime\_prj\Учет финансов\v7-2\Persona.idx
20.02.2012 14:26:58      загружено 14 персоны
20.02.2012 14:26:58   Список контрагентов загружен из файла Y:\Dropbox\worktime\_prj\Учет финансов\v7-2\Contractor.idx
20.02.2012 14:26:58      загружено 61 контрагента
20.02.2012 14:26:58   Список событий загружен из файла Y:\Dropbox\worktime\_prj\Учет финансов\v7-2\Event.idx
20.02.2012 14:26:58      загружено 3 события
20.02.2012 14:26:58   Список стандартных товаров из файла Y:\Dropbox\worktime\_prj\Учет финансов\v7-2\StdItems.idx
20.02.2012 14:26:58      загружено 257 товаров
20.02.2012 14:26:59   Список заметок из файла Y:\Dropbox\worktime\_prj\Учет финансов\v7-2\notes.txt
20.02.2012 14:26:59      загружено 0 заметок
20.02.2012 14:26:59   Список коментариев из файла Y:\Dropbox\worktime\_prj\Учет финансов\v7-2\Comment.idx
20.02.2012 14:26:59      загружено 4 коментариев
20.02.2012 14:26:59   Список описаний из файла Y:\Dropbox\worktime\_prj\Учет финансов\v7-2\Descr.idx
20.02.2012 14:26:59      загружено 355 описаний
20.02.2012 14:26:59   Список производителей из файла Y:\Dropbox\worktime\_prj\Учет финансов\v7-2\Descr1.idx
20.02.2012 14:26:59      загружено 202 производителей
20.02.2012 14:26:59   Список описаний серий из файла Y:\Dropbox\worktime\_prj\Учет финансов\v7-2\Descr2.idx
20.02.2012 14:26:59      загружено 480 серий
20.02.2012 14:27:01   Ошибка доступа к файлу валют РБК
12.11.2019 16:12:48   
12.11.2019 16:12:48   ******* Программа запущена ********
12.11.2019 16:12:48   
12.11.2019 16:12:48   Поток лога сформирован
12.11.2019 16:12:48   Директорий программы C:\prj\scripts\test\delphi\myMoney\v7-2\
12.11.2019 16:12:48   Директорий базы данных C:\prj\scripts\test\delphi\myMoney\v7-2\
12.11.2019 16:12:51   Список счетов загружен из файла C:\prj\scripts\test\delphi\myMoney\v7-2\Account.idx
12.11.2019 16:12:51   Загружены счета :
12.11.2019 16:12:51      0:Бумажник
12.11.2019 16:12:51   Список валют загружен из файла C:\prj\scripts\test\delphi\myMoney\v7-2\Currency.idx
12.11.2019 16:12:51      загружено 1 валют
12.11.2019 16:12:51   Загружены валюты :
12.11.2019 16:12:51      0:RUB Рубли РФ
12.11.2019 16:12:51   Список категорий загружен из файла C:\prj\scripts\test\delphi\myMoney\v7-2\Category.idx
12.11.2019 16:12:51      загружено 69 категорий
12.11.2019 16:12:51   Список персон загружен из файла C:\prj\scripts\test\delphi\myMoney\v7-2\Persona.idx
12.11.2019 16:12:51      загружено 14 персоны
12.11.2019 16:12:51   Список контрагентов загружен из файла C:\prj\scripts\test\delphi\myMoney\v7-2\Contractor.idx
12.11.2019 16:12:51      загружено 61 контрагента
12.11.2019 16:12:51   Список событий загружен из файла C:\prj\scripts\test\delphi\myMoney\v7-2\Event.idx
12.11.2019 16:12:51      загружено 3 события
12.11.2019 16:12:51   Список стандартных товаров из файла C:\prj\scripts\test\delphi\myMoney\v7-2\StdItems.idx
12.11.2019 16:12:51      загружено 257 товаров
12.11.2019 16:12:51   Список заметок из файла C:\prj\scripts\test\delphi\myMoney\v7-2\notes.txt
12.11.2019 16:12:51      загружено 0 заметок
12.11.2019 16:12:51   Список коментариев из файла C:\prj\scripts\test\delphi\myMoney\v7-2\Comment.idx
12.11.2019 16:12:51      загружено 4 коментариев
12.11.2019 16:12:51   Список описаний из файла C:\prj\scripts\test\delphi\myMoney\v7-2\Descr.idx
12.11.2019 16:12:51      загружено 355 описаний
12.11.2019 16:12:52   Список производителей из файла C:\prj\scripts\test\delphi\myMoney\v7-2\Descr1.idx
12.11.2019 16:12:52      загружено 202 производителей
12.11.2019 16:12:52   Список описаний серий из файла C:\prj\scripts\test\delphi\myMoney\v7-2\Descr2.idx
12.11.2019 16:12:52      загружено 480 серий
