appora01\UltimaService
appora01\UltimaHangsService
appora01\UltimaService_t
appora01\SmsService
appora01\ReportService
appora01\WmsService
appora01\WmsUpdaterService
appora01\W3SVC
192.168.1.72
appora02\UltimaService
appora02\MessengerService
appora02\ReportService
appora03\UltimaService
appora03\UltimaService_aut
appora03\SmsService
appora03\ReportServiceTask
appora04\UltimaService
appora04\UltimaService_t
appora06\UltimaService
appora06\W3SVC
appora07\UltimaService
appora08\UltimaService
appora08\WmsService
appora08\WmsUpdaterService
appora08\W3SVC
appora09\UltimaService
appora09\WmsService
appora09\WmsUpdaterService
suplora01\UltimaService
suplora01\ReportService
apporaUC\UltimaService
apporaUC\ReportService
Appora04\ReportService
appora12\Sms
appora11\Sms
