01.03.2012 19:03:26   ASM лог поток запущен 19:03:26
01.03.2012 19:03:26   - запуск системы
01.03.2012 19:03:26   Создание потока хостов
01.03.2012 19:03:26   Создание потока пользователей
01.03.2012 19:03:26   Рабочий каталог по умолчанию Y:\Dropbox\worktime\_prj\ASM (spool)\spool_\base\
01.03.2012 19:03:26    - Рабочая директория доступна
01.03.2012 19:03:26   Временный каталог по умолчанию Y:\Dropbox\worktime\_prj\ASM (spool)\spool_\base\tmp\
01.03.2012 19:03:26    - Временная директория доступна
01.03.2012 19:03:26   BackUp каталог по умолчанию Y:\Dropbox\worktime\_prj\ASM (spool)\spool_\base\BackUp\
01.03.2012 19:03:26    - BackUp директория доступна
01.03.2012 19:03:26   Попытка загрузки файла индекса хостов Y:\Dropbox\worktime\_prj\ASM (spool)\spool_\base\Hosts.idx
01.03.2012 19:03:26   Загружены следующие хосты : 
01.03.2012 19:03:26   --- всего (0)
01.03.2012 19:03:26   Попытка загрузки файла индекса пользователей Y:\Dropbox\worktime\_prj\ASM (spool)\spool_\base\users.idx
01.03.2012 19:03:26   Загружены следующие пользователи : 
01.03.2012 19:03:26   --- всего (0)
01.03.2012 19:03:26   Попытка загрузки файла принтеров Y:\Dropbox\worktime\_prj\ASM (spool)\spool_\base\Printers.idx
01.03.2012 19:03:26   Подключены следующие принтеры : 
01.03.2012 19:03:26     MICROSOFT OFFICE DOCUMENT IMAGE WRITER
01.03.2012 19:03:26   --- всего (1)
01.03.2012 19:03:26   Текущая сессия 01.03.2012 подготовлена
01.03.2012 19:03:26   Создание временного файла данных
01.03.2012 19:03:26   Создание и запуск потока запросов
01.03.2012 19:03:40   Экстренная запись данных, поступил сигнал завершения программы
01.03.2012 19:03:40   Запись резерва индексов 
01.03.2012 19:03:40   Запись индекса хостов Y:\Dropbox\worktime\_prj\ASM (spool)\spool_\base\BackUp\Hosts.idx
01.03.2012 19:03:40   Запись индекса пользователей Y:\Dropbox\worktime\_prj\ASM (spool)\spool_\base\BackUp\users.idx
01.03.2012 19:03:40   Запись индекса принтеров Y:\Dropbox\worktime\_prj\ASM (spool)\spool_\base\BackUp\Printers.idx
01.03.2012 19:03:40   Запись резервной копии данных Y:\Dropbox\worktime\_prj\ASM (spool)\spool_\base\01.03.2012.bak
01.03.2012 19:03:40   Запись индексов 
01.03.2012 19:03:40   Запись индекса хостов Y:\Dropbox\worktime\_prj\ASM (spool)\spool_\base\Hosts.idx
01.03.2012 19:03:40   Запись индекса пользователей Y:\Dropbox\worktime\_prj\ASM (spool)\spool_\base\users.idx
01.03.2012 19:03:40   Запись индекса принтеров Y:\Dropbox\worktime\_prj\ASM (spool)\spool_\base\Printers.idx
01.03.2012 19:03:40   Запись данных Y:\Dropbox\worktime\_prj\ASM (spool)\spool_\base\01.03.2012.dat
